2021-11-02 07:30:01 INFO  .:69 - The execution of method loadFiles started here ...
2021-11-02 07:30:01 INFO  .:84 - The execution of method loadFiles ended here ...
2021-11-02 07:30:04 INFO  .:86 - The execution of method navigate started here ...
2021-11-02 07:30:11 INFO  .:98 - The execution of method navigate ended here ...
2021-11-02 07:30:11 INFO  .:166 - In Test Scenario Login the method navigate execution status is :Pass
2021-11-02 07:30:11 INFO  .:32 - The execution of method login started here ...
2021-11-02 07:30:17 INFO  .:50 - The execution of method login ended here ...
2021-11-02 07:30:17 INFO  .:166 - In Test Scenario Login the method login execution status is :Pass
2021-11-02 07:30:17 INFO  .:76 - The execution of method logout started here ...
2021-11-02 07:30:21 INFO  .:88 - The execution of method logout ended here ...
2021-11-02 07:30:21 INFO  .:166 - In Test Scenario Login the method logout execution status is :Pass
2021-11-02 07:30:21 INFO  .:121 - The execution of method closeApplication started here ...
2021-11-02 07:30:22 INFO  .:124 - The execution of method closeApplication ended here ...
2021-11-02 07:30:22 INFO  .:166 - In Test Scenario Login the method closeApplication execution status is :Pass
2021-11-02 07:30:22 INFO  .:180 - +++++++++++++++++++++++++++++++
2021-11-02 07:30:25 INFO  .:86 - The execution of method navigate started here ...
2021-11-02 07:30:32 INFO  .:98 - The execution of method navigate ended here ...
2021-11-02 07:30:32 INFO  .:166 - In Test Scenario CreateUser the method navigate execution status is :Pass
2021-11-02 07:30:32 INFO  .:32 - The execution of method login started here ...
2021-11-02 07:30:38 INFO  .:50 - The execution of method login ended here ...
2021-11-02 07:30:38 INFO  .:166 - In Test Scenario CreateUser the method login execution status is :Pass
2021-11-02 07:30:38 INFO  .:32 - The execution of method createUser started here ...
2021-11-02 07:30:53 INFO  .:62 - The execution of method createUser ended here ...
2021-11-02 07:30:53 INFO  .:166 - In Test Scenario CreateUser the method createUser execution status is :Pass
2021-11-02 07:30:53 INFO  .:133 - The execution of method deleteUser started here ...
2021-11-02 07:31:02 INFO  .:149 - The execution of method deleteUser ended here ...
2021-11-02 07:31:02 INFO  .:166 - In Test Scenario CreateUser the method deleteUser execution status is :Pass
2021-11-02 07:31:03 INFO  .:76 - The execution of method logout started here ...
2021-11-02 07:31:07 INFO  .:88 - The execution of method logout ended here ...
2021-11-02 07:31:07 INFO  .:166 - In Test Scenario CreateUser the method logout execution status is :Pass
2021-11-02 07:31:07 INFO  .:121 - The execution of method closeApplication started here ...
2021-11-02 07:31:07 INFO  .:124 - The execution of method closeApplication ended here ...
2021-11-02 07:31:07 INFO  .:166 - In Test Scenario CreateUser the method closeApplication execution status is :Pass
2021-11-02 07:31:07 INFO  .:180 - +++++++++++++++++++++++++++++++
2021-11-02 07:31:09 INFO  .:86 - The execution of method navigate started here ...
2021-11-02 07:31:16 INFO  .:98 - The execution of method navigate ended here ...
2021-11-02 07:31:16 INFO  .:166 - In Test Scenario ModifyUser the method navigate execution status is :Pass
2021-11-02 07:31:16 INFO  .:32 - The execution of method login started here ...
2021-11-02 07:31:21 INFO  .:50 - The execution of method login ended here ...
2021-11-02 07:31:21 INFO  .:166 - In Test Scenario ModifyUser the method login execution status is :Pass
2021-11-02 07:31:22 INFO  .:32 - The execution of method createUser started here ...
2021-11-02 07:31:37 INFO  .:62 - The execution of method createUser ended here ...
2021-11-02 07:31:37 INFO  .:166 - In Test Scenario ModifyUser the method createUser execution status is :Pass
2021-11-02 07:31:37 INFO  .:88 - The execution of method modifyUser started here ...
2021-11-02 07:31:47 INFO  .:108 - The execution of method modifyUser ended here ...
2021-11-02 07:31:47 INFO  .:166 - In Test Scenario ModifyUser the method modifyUser execution status is :Fail
2021-11-02 07:31:47 INFO  .:133 - The execution of method deleteUser started here ...
2021-11-02 07:31:56 INFO  .:149 - The execution of method deleteUser ended here ...
2021-11-02 07:31:56 INFO  .:166 - In Test Scenario ModifyUser the method deleteUser execution status is :Pass
2021-11-02 07:31:56 INFO  .:76 - The execution of method logout started here ...
2021-11-02 07:32:01 INFO  .:88 - The execution of method logout ended here ...
2021-11-02 07:32:01 INFO  .:166 - In Test Scenario ModifyUser the method logout execution status is :Pass
2021-11-02 07:32:01 INFO  .:121 - The execution of method closeApplication started here ...
2021-11-02 07:32:01 INFO  .:124 - The execution of method closeApplication ended here ...
2021-11-02 07:32:01 INFO  .:166 - In Test Scenario ModifyUser the method closeApplication execution status is :Pass
2021-11-02 07:32:01 INFO  .:180 - +++++++++++++++++++++++++++++++
2021-11-02 07:32:01 INFO  .:180 - +++++++++++++++++++++++++++++++
2021-11-02 07:32:01 INFO  .:180 - +++++++++++++++++++++++++++++++
2021-11-02 07:32:01 INFO  .:180 - +++++++++++++++++++++++++++++++
2021-11-02 07:32:01 INFO  .:180 - +++++++++++++++++++++++++++++++
2021-11-02 07:32:01 INFO  .:183 - The execution of method executeTestScenarios ended here ...
2021-11-02 07:32:01 INFO  .:205 - The execution of method endAutomationSuite ended here ...
2021-11-02 07:32:01 INFO  .:208 - The execution of method endAutomationSuite ended here ...
2021-11-02 07:49:26 INFO  .:69 - The execution of method loadFiles started here ...
2021-11-02 07:49:26 INFO  .:84 - The execution of method loadFiles ended here ...
2021-11-02 07:49:29 INFO  .:86 - The execution of method navigate started here ...
2021-11-02 07:49:36 INFO  .:98 - The execution of method navigate ended here ...
2021-11-02 07:49:36 INFO  .:166 - In Test Scenario Login the method navigate execution status is :Pass
2021-11-02 07:49:36 INFO  .:32 - The execution of method login started here ...
2021-11-02 07:49:41 INFO  .:50 - The execution of method login ended here ...
2021-11-02 07:49:41 INFO  .:166 - In Test Scenario Login the method login execution status is :Pass
2021-11-02 07:49:44 INFO  .:166 - In Test Scenario Login the method minimizeFlyOutWindow execution status is :Pass
2021-11-02 07:49:44 INFO  .:76 - The execution of method logout started here ...
2021-11-02 07:49:48 INFO  .:88 - The execution of method logout ended here ...
2021-11-02 07:49:48 INFO  .:166 - In Test Scenario Login the method logout execution status is :Pass
2021-11-02 07:49:48 INFO  .:121 - The execution of method closeApplication started here ...
2021-11-02 07:49:48 INFO  .:124 - The execution of method closeApplication ended here ...
2021-11-02 07:49:48 INFO  .:166 - In Test Scenario Login the method closeApplication execution status is :Pass
2021-11-02 07:49:48 INFO  .:180 - +++++++++++++++++++++++++++++++
2021-11-02 07:49:50 INFO  .:86 - The execution of method navigate started here ...
2021-11-02 07:49:58 INFO  .:98 - The execution of method navigate ended here ...
2021-11-02 07:49:58 INFO  .:166 - In Test Scenario CreateUser the method navigate execution status is :Pass
2021-11-02 07:49:59 INFO  .:32 - The execution of method login started here ...
2021-11-02 07:50:04 INFO  .:50 - The execution of method login ended here ...
2021-11-02 07:50:04 INFO  .:166 - In Test Scenario CreateUser the method login execution status is :Pass
2021-11-02 07:50:06 INFO  .:166 - In Test Scenario CreateUser the method minimizeFlyOutWindow execution status is :Pass
2021-11-02 07:50:06 INFO  .:32 - The execution of method createUser started here ...
2021-11-02 07:50:17 INFO  .:60 - The execution of method createUser ended here ...
2021-11-02 07:50:17 INFO  .:166 - In Test Scenario CreateUser the method createUser execution status is :Pass
2021-11-02 07:50:17 INFO  .:131 - The execution of method deleteUser started here ...
2021-11-02 07:50:26 INFO  .:147 - The execution of method deleteUser ended here ...
2021-11-02 07:50:26 INFO  .:166 - In Test Scenario CreateUser the method deleteUser execution status is :Pass
2021-11-02 07:50:26 INFO  .:76 - The execution of method logout started here ...
2021-11-02 07:50:30 INFO  .:88 - The execution of method logout ended here ...
2021-11-02 07:50:30 INFO  .:166 - In Test Scenario CreateUser the method logout execution status is :Pass
2021-11-02 07:50:30 INFO  .:121 - The execution of method closeApplication started here ...
2021-11-02 07:50:31 INFO  .:124 - The execution of method closeApplication ended here ...
2021-11-02 07:50:31 INFO  .:166 - In Test Scenario CreateUser the method closeApplication execution status is :Pass
2021-11-02 07:50:31 INFO  .:180 - +++++++++++++++++++++++++++++++
2021-11-02 07:50:32 INFO  .:86 - The execution of method navigate started here ...
2021-11-02 07:50:40 INFO  .:98 - The execution of method navigate ended here ...
2021-11-02 07:50:40 INFO  .:166 - In Test Scenario ModifyUser the method navigate execution status is :Pass
2021-11-02 07:50:40 INFO  .:32 - The execution of method login started here ...
2021-11-02 07:50:45 INFO  .:50 - The execution of method login ended here ...
2021-11-02 07:50:45 INFO  .:166 - In Test Scenario ModifyUser the method login execution status is :Pass
2021-11-02 07:50:48 INFO  .:166 - In Test Scenario ModifyUser the method minimizeFlyOutWindow execution status is :Pass
2021-11-02 07:50:48 INFO  .:32 - The execution of method createUser started here ...
2021-11-02 07:50:58 INFO  .:60 - The execution of method createUser ended here ...
2021-11-02 07:50:58 INFO  .:166 - In Test Scenario ModifyUser the method createUser execution status is :Pass
2021-11-02 07:50:58 INFO  .:86 - The execution of method modifyUser started here ...
2021-11-02 07:51:08 INFO  .:106 - The execution of method modifyUser ended here ...
2021-11-02 07:51:08 INFO  .:166 - In Test Scenario ModifyUser the method modifyUser execution status is :Fail
2021-11-02 07:51:08 INFO  .:131 - The execution of method deleteUser started here ...
2021-11-02 07:51:17 INFO  .:147 - The execution of method deleteUser ended here ...
2021-11-02 07:51:17 INFO  .:166 - In Test Scenario ModifyUser the method deleteUser execution status is :Pass
2021-11-02 07:51:17 INFO  .:76 - The execution of method logout started here ...
2021-11-02 07:51:22 INFO  .:88 - The execution of method logout ended here ...
2021-11-02 07:51:22 INFO  .:166 - In Test Scenario ModifyUser the method logout execution status is :Pass
2021-11-02 07:51:22 INFO  .:121 - The execution of method closeApplication started here ...
2021-11-02 07:51:22 INFO  .:124 - The execution of method closeApplication ended here ...
2021-11-02 07:51:22 INFO  .:166 - In Test Scenario ModifyUser the method closeApplication execution status is :Pass
2021-11-02 07:51:22 INFO  .:180 - +++++++++++++++++++++++++++++++
2021-11-02 07:51:22 INFO  .:180 - +++++++++++++++++++++++++++++++
2021-11-02 07:51:22 INFO  .:180 - +++++++++++++++++++++++++++++++
2021-11-02 07:51:22 INFO  .:180 - +++++++++++++++++++++++++++++++
2021-11-02 07:51:22 INFO  .:180 - +++++++++++++++++++++++++++++++
2021-11-02 07:51:22 INFO  .:183 - The execution of method executeTestScenarios ended here ...
2021-11-02 07:51:22 INFO  .:205 - The execution of method endAutomationSuite ended here ...
2021-11-02 07:51:22 INFO  .:208 - The execution of method endAutomationSuite ended here ...
