2021-11-04 08:31:04 INFO  .:69 - The execution of method loadFiles started here ...
2021-11-04 08:31:04 INFO  .:84 - The execution of method loadFiles ended here ...
2021-11-04 08:31:07 INFO  .:86 - The execution of method navigate started here ...
2021-11-04 08:31:14 INFO  .:98 - The execution of method navigate ended here ...
2021-11-04 08:31:14 INFO  .:166 - In Test Scenario Login the method navigate execution status is :Pass
2021-11-04 08:31:15 INFO  .:32 - The execution of method login started here ...
2021-11-04 08:31:20 INFO  .:50 - The execution of method login ended here ...
2021-11-04 08:31:20 INFO  .:166 - In Test Scenario Login the method login execution status is :Pass
2021-11-04 08:31:22 INFO  .:166 - In Test Scenario Login the method minimizeFlyOutWindow execution status is :Pass
2021-11-04 08:31:22 INFO  .:76 - The execution of method logout started here ...
2021-11-04 08:31:27 INFO  .:88 - The execution of method logout ended here ...
2021-11-04 08:31:27 INFO  .:166 - In Test Scenario Login the method logout execution status is :Pass
2021-11-04 08:31:27 INFO  .:121 - The execution of method closeApplication started here ...
2021-11-04 08:31:27 INFO  .:124 - The execution of method closeApplication ended here ...
2021-11-04 08:31:27 INFO  .:166 - In Test Scenario Login the method closeApplication execution status is :Pass
2021-11-04 08:31:27 INFO  .:180 - +++++++++++++++++++++++++++++++
2021-11-04 08:31:29 INFO  .:86 - The execution of method navigate started here ...
2021-11-04 08:31:36 INFO  .:98 - The execution of method navigate ended here ...
2021-11-04 08:31:36 INFO  .:166 - In Test Scenario CreateUser the method navigate execution status is :Pass
2021-11-04 08:31:36 INFO  .:32 - The execution of method login started here ...
2021-11-04 08:31:41 INFO  .:50 - The execution of method login ended here ...
2021-11-04 08:31:41 INFO  .:166 - In Test Scenario CreateUser the method login execution status is :Pass
2021-11-04 08:31:44 INFO  .:166 - In Test Scenario CreateUser the method minimizeFlyOutWindow execution status is :Pass
2021-11-04 08:31:44 INFO  .:32 - The execution of method createUser started here ...
2021-11-04 08:31:55 INFO  .:60 - The execution of method createUser ended here ...
2021-11-04 08:31:55 INFO  .:166 - In Test Scenario CreateUser the method createUser execution status is :Pass
2021-11-04 08:31:55 INFO  .:131 - The execution of method deleteUser started here ...
2021-11-04 08:32:04 INFO  .:147 - The execution of method deleteUser ended here ...
2021-11-04 08:32:04 INFO  .:166 - In Test Scenario CreateUser the method deleteUser execution status is :Pass
2021-11-04 08:32:05 INFO  .:76 - The execution of method logout started here ...
2021-11-04 08:32:09 INFO  .:88 - The execution of method logout ended here ...
2021-11-04 08:32:09 INFO  .:166 - In Test Scenario CreateUser the method logout execution status is :Pass
2021-11-04 08:32:09 INFO  .:121 - The execution of method closeApplication started here ...
2021-11-04 08:32:09 INFO  .:124 - The execution of method closeApplication ended here ...
2021-11-04 08:32:09 INFO  .:166 - In Test Scenario CreateUser the method closeApplication execution status is :Pass
2021-11-04 08:32:09 INFO  .:180 - +++++++++++++++++++++++++++++++
2021-11-04 08:32:11 INFO  .:86 - The execution of method navigate started here ...
2021-11-04 08:32:18 INFO  .:98 - The execution of method navigate ended here ...
2021-11-04 08:32:18 INFO  .:166 - In Test Scenario ModifyUser the method navigate execution status is :Pass
2021-11-04 08:32:18 INFO  .:32 - The execution of method login started here ...
2021-11-04 08:32:23 INFO  .:50 - The execution of method login ended here ...
2021-11-04 08:32:23 INFO  .:166 - In Test Scenario ModifyUser the method login execution status is :Pass
2021-11-04 08:32:26 INFO  .:166 - In Test Scenario ModifyUser the method minimizeFlyOutWindow execution status is :Pass
2021-11-04 08:32:26 INFO  .:32 - The execution of method createUser started here ...
2021-11-04 08:32:37 INFO  .:60 - The execution of method createUser ended here ...
2021-11-04 08:32:37 INFO  .:166 - In Test Scenario ModifyUser the method createUser execution status is :Pass
2021-11-04 08:32:37 INFO  .:86 - The execution of method modifyUser started here ...
2021-11-04 08:32:46 INFO  .:106 - The execution of method modifyUser ended here ...
2021-11-04 08:32:46 INFO  .:166 - In Test Scenario ModifyUser the method modifyUser execution status is :Fail
2021-11-04 08:32:46 INFO  .:131 - The execution of method deleteUser started here ...
2021-11-04 08:32:55 INFO  .:147 - The execution of method deleteUser ended here ...
2021-11-04 08:32:55 INFO  .:166 - In Test Scenario ModifyUser the method deleteUser execution status is :Pass
2021-11-04 08:32:55 INFO  .:76 - The execution of method logout started here ...
2021-11-04 08:33:00 INFO  .:88 - The execution of method logout ended here ...
2021-11-04 08:33:00 INFO  .:166 - In Test Scenario ModifyUser the method logout execution status is :Pass
2021-11-04 08:33:00 INFO  .:121 - The execution of method closeApplication started here ...
2021-11-04 08:33:01 INFO  .:124 - The execution of method closeApplication ended here ...
2021-11-04 08:33:01 INFO  .:166 - In Test Scenario ModifyUser the method closeApplication execution status is :Pass
2021-11-04 08:33:01 INFO  .:180 - +++++++++++++++++++++++++++++++
2021-11-04 08:33:01 INFO  .:180 - +++++++++++++++++++++++++++++++
2021-11-04 08:33:01 INFO  .:180 - +++++++++++++++++++++++++++++++
2021-11-04 08:33:01 INFO  .:180 - +++++++++++++++++++++++++++++++
2021-11-04 08:33:01 INFO  .:180 - +++++++++++++++++++++++++++++++
2021-11-04 08:33:01 INFO  .:183 - The execution of method executeTestScenarios ended here ...
2021-11-04 08:33:01 INFO  .:205 - The execution of method endAutomationSuite ended here ...
2021-11-04 08:33:01 INFO  .:208 - The execution of method endAutomationSuite ended here ...
